build/app/intermediates/manifest_merge_blame_file/release/manifest-merger-blame-release-report.txt
1<?xml version="1.0" encoding="utf-8"?>
2<manifest xmlns:android="http://schemas.android.com/apk/res/android"
3    package="com.example.tik_tok"
4    android:versionCode="1"
5    android:versionName="1.0.0" >
6
7    <uses-sdk
8        android:minSdkVersion="19"
8-->src\main\AndroidManifest.xml
9        android:targetSdkVersion="31" />
9-->src\main\AndroidManifest.xml
10
11    <uses-permission android:name="android.permission.CAMERA" />
11-->src\main\AndroidManifest.xml:3:5-65
11-->src\main\AndroidManifest.xml:3:22-62
12    <uses-permission android:name="android.permission.FLASHLIGHT" />
12-->src\main\AndroidManifest.xml:4:5-69
12-->src\main\AndroidManifest.xml:4:22-66
13    <uses-permission android:name="android.permission.INTERNET" />
13-->src\main\AndroidManifest.xml:5:5-66
13-->src\main\AndroidManifest.xml:5:22-64
14    <uses-permission android:name="android.permission.WRITE_EXTERNAL_STORAGE" />
14-->[:video_compress] AndroidManifest.xml:9:5-81
14-->[:video_compress] AndroidManifest.xml:9:22-78
15    <uses-permission android:name="android.permission.READ_EXTERNAL_STORAGE" />
16    <uses-permission android:name="android.permission.ACCESS_NETWORK_STATE" />
16-->[com.google.firebase:firebase-auth:21.1.0] AndroidManifest.xml:24:5-79
16-->[com.google.firebase:firebase-auth:21.1.0] AndroidManifest.xml:24:22-76
17    <uses-permission android:name="android.permission.WAKE_LOCK" />
17-->[com.google.android.gms:play-services-measurement-api:21.2.0] AndroidManifest.xml:24:5-68
17-->[com.google.android.gms:play-services-measurement-api:21.2.0] AndroidManifest.xml:24:22-65
18    <uses-permission android:name="com.google.android.gms.permission.AD_ID" />
18-->[com.google.android.gms:play-services-measurement-api:21.2.0] AndroidManifest.xml:25:5-79
18-->[com.google.android.gms:play-services-measurement-api:21.2.0] AndroidManifest.xml:25:22-76
19    <uses-permission android:name="com.google.android.finsky.permission.BIND_GET_INSTALL_REFERRER_SERVICE" />
19-->[com.google.android.gms:play-services-measurement:21.2.0] AndroidManifest.xml:26:5-110
19-->[com.google.android.gms:play-services-measurement:21.2.0] AndroidManifest.xml:26:22-107
20
21    <application
22        android:name="android.app.Application"
22-->src\main\AndroidManifest.xml:8:9-42
23        android:appComponentFactory="androidx.core.app.CoreComponentFactory"
23-->[androidx.core:core:1.8.0] AndroidManifest.xml:24:18-86
24        android:icon="@mipmap/ic_launcher"
24-->src\main\AndroidManifest.xml:9:9-43
25        android:label="tik_tok" >
25-->src\main\AndroidManifest.xml:7:9-32
26        <activity
26-->src\main\AndroidManifest.xml:12:9-32:20
27            android:name="com.example.tik_tok.MainActivity"
27-->src\main\AndroidManifest.xml:13:13-41
28            android:configChanges="orientation|keyboardHidden|keyboard|screenSize|smallestScreenSize|locale|layoutDirection|fontScale|screenLayout|density|uiMode"
28-->src\main\AndroidManifest.xml:17:13-163
29            android:exported="true"
29-->src\main\AndroidManifest.xml:14:13-36
30            android:hardwareAccelerated="true"
30-->src\main\AndroidManifest.xml:18:13-47
31            android:launchMode="singleTop"
31-->src\main\AndroidManifest.xml:15:13-43
32            android:theme="@style/LaunchTheme"
32-->src\main\AndroidManifest.xml:16:13-47
33            android:windowSoftInputMode="adjustResize" >
33-->src\main\AndroidManifest.xml:19:13-55
34
35            <!--
36                 Specifies an Android theme to apply to this Activity as soon as
37                 the Android process has started. This theme is visible to the user
38                 while the Flutter UI initializes. After that, this theme continues
39                 to determine the Window background behind the Flutter UI.
40            -->
41            <meta-data
41-->src\main\AndroidManifest.xml:24:13-27:17
42                android:name="io.flutter.embedding.android.NormalTheme"
42-->src\main\AndroidManifest.xml:25:15-70
43                android:resource="@style/NormalTheme" />
43-->src\main\AndroidManifest.xml:26:15-52
44
45            <intent-filter>
45-->src\main\AndroidManifest.xml:28:13-31:29
46                <action android:name="android.intent.action.MAIN" />
46-->src\main\AndroidManifest.xml:29:17-68
46-->src\main\AndroidManifest.xml:29:25-66
47
48                <category android:name="android.intent.category.LAUNCHER" />
48-->src\main\AndroidManifest.xml:30:17-76
48-->src\main\AndroidManifest.xml:30:27-74
49            </intent-filter>
50        </activity>
51        <!--
52             Don't delete the meta-data below.
53             This is used by the Flutter tool to generate GeneratedPluginRegistrant.java
54        -->
55        <meta-data
55-->src\main\AndroidManifest.xml:35:9-37:33
56            android:name="flutterEmbedding"
56-->src\main\AndroidManifest.xml:36:13-44
57            android:value="2" />
57-->src\main\AndroidManifest.xml:37:13-30
58
59        <service
59-->[:firebase_auth] AndroidManifest.xml:10:9-14:19
60            android:name="com.google.firebase.components.ComponentDiscoveryService"
60-->[:firebase_auth] AndroidManifest.xml:10:18-89
61            android:directBootAware="true"
61-->[com.google.firebase:firebase-common:20.2.0] AndroidManifest.xml:34:13-43
62            android:exported="false" >
62-->[com.google.firebase:firebase-analytics-ktx:21.2.0] AndroidManifest.xml:10:13-37
63            <meta-data
63-->[:firebase_auth] AndroidManifest.xml:11:13-13:85
64                android:name="com.google.firebase.components:io.flutter.plugins.firebase.auth.FlutterFirebaseAuthRegistrar"
64-->[:firebase_auth] AndroidManifest.xml:12:17-124
65                android:value="com.google.firebase.components.ComponentRegistrar" />
65-->[:firebase_auth] AndroidManifest.xml:13:17-82
66            <meta-data
66-->[:firebase_storage] AndroidManifest.xml:11:13-13:85
67                android:name="com.google.firebase.components:io.flutter.plugins.firebase.storage.FlutterFirebaseAppRegistrar"
67-->[:firebase_storage] AndroidManifest.xml:12:17-126
68                android:value="com.google.firebase.components.ComponentRegistrar" />
68-->[:firebase_storage] AndroidManifest.xml:13:17-82
69            <meta-data
69-->[:cloud_firestore] AndroidManifest.xml:11:13-13:85
70                android:name="com.google.firebase.components:io.flutter.plugins.firebase.firestore.FlutterFirebaseFirestoreRegistrar"
70-->[:cloud_firestore] AndroidManifest.xml:12:17-134
71                android:value="com.google.firebase.components.ComponentRegistrar" />
71-->[:cloud_firestore] AndroidManifest.xml:13:17-82
72            <meta-data
72-->[:firebase_core] AndroidManifest.xml:11:13-13:85
73                android:name="com.google.firebase.components:io.flutter.plugins.firebase.core.FlutterFirebaseCoreRegistrar"
73-->[:firebase_core] AndroidManifest.xml:12:17-124
74                android:value="com.google.firebase.components.ComponentRegistrar" />
74-->[:firebase_core] AndroidManifest.xml:13:17-82
75            <meta-data
75-->[com.google.firebase:firebase-analytics-ktx:21.2.0] AndroidManifest.xml:11:13-13:85
76                android:name="com.google.firebase.components:com.google.firebase.analytics.ktx.FirebaseAnalyticsKtxRegistrar"
76-->[com.google.firebase:firebase-analytics-ktx:21.2.0] AndroidManifest.xml:12:17-126
77                android:value="com.google.firebase.components.ComponentRegistrar" />
77-->[com.google.firebase:firebase-analytics-ktx:21.2.0] AndroidManifest.xml:13:17-82
78            <meta-data
78-->[com.google.firebase:firebase-common-ktx:20.2.0] AndroidManifest.xml:14:13-16:85
79                android:name="com.google.firebase.components:com.google.firebase.ktx.FirebaseCommonKtxRegistrar"
79-->[com.google.firebase:firebase-common-ktx:20.2.0] AndroidManifest.xml:15:17-113
80                android:value="com.google.firebase.components.ComponentRegistrar" />
80-->[com.google.firebase:firebase-common-ktx:20.2.0] AndroidManifest.xml:16:17-82
81            <meta-data
81-->[com.google.firebase:firebase-auth:21.1.0] AndroidManifest.xml:67:13-69:85
82                android:name="com.google.firebase.components:com.google.firebase.auth.FirebaseAuthRegistrar"
82-->[com.google.firebase:firebase-auth:21.1.0] AndroidManifest.xml:68:17-109
83                android:value="com.google.firebase.components.ComponentRegistrar" />
83-->[com.google.firebase:firebase-auth:21.1.0] AndroidManifest.xml:69:17-82
84            <meta-data
84-->[com.google.firebase:firebase-firestore:24.4.0] AndroidManifest.xml:19:13-21:85
85                android:name="com.google.firebase.components:com.google.firebase.firestore.FirestoreRegistrar"
85-->[com.google.firebase:firebase-firestore:24.4.0] AndroidManifest.xml:20:17-111
86                android:value="com.google.firebase.components.ComponentRegistrar" />
86-->[com.google.firebase:firebase-firestore:24.4.0] AndroidManifest.xml:21:17-82
87            <meta-data
87-->[com.google.firebase:firebase-storage:20.1.0] AndroidManifest.xml:32:13-34:85
88                android:name="com.google.firebase.components:com.google.firebase.storage.StorageRegistrar"
88-->[com.google.firebase:firebase-storage:20.1.0] AndroidManifest.xml:33:17-107
89                android:value="com.google.firebase.components.ComponentRegistrar" />
89-->[com.google.firebase:firebase-storage:20.1.0] AndroidManifest.xml:34:17-82
90            <meta-data
90-->[com.google.android.gms:play-services-measurement-api:21.2.0] AndroidManifest.xml:31:13-33:85
91                android:name="com.google.firebase.components:com.google.firebase.analytics.connector.internal.AnalyticsConnectorRegistrar"
91-->[com.google.android.gms:play-services-measurement-api:21.2.0] AndroidManifest.xml:32:17-139
92                android:value="com.google.firebase.components.ComponentRegistrar" />
92-->[com.google.android.gms:play-services-measurement-api:21.2.0] AndroidManifest.xml:33:17-82
93            <meta-data
93-->[com.google.firebase:firebase-installations:17.1.0] AndroidManifest.xml:17:13-19:85
94                android:name="com.google.firebase.components:com.google.firebase.installations.FirebaseInstallationsRegistrar"
94-->[com.google.firebase:firebase-installations:17.1.0] AndroidManifest.xml:18:17-127
95                android:value="com.google.firebase.components.ComponentRegistrar" />
95-->[com.google.firebase:firebase-installations:17.1.0] AndroidManifest.xml:19:17-82
96        </service>
97
98        <provider
98-->[:image_picker_android] AndroidManifest.xml:10:9-18:20
99            android:name="io.flutter.plugins.imagepicker.ImagePickerFileProvider"
99-->[:image_picker_android] AndroidManifest.xml:11:13-82
100            android:authorities="com.example.tik_tok.flutter.image_provider"
100-->[:image_picker_android] AndroidManifest.xml:12:13-74
101            android:exported="false"
101-->[:image_picker_android] AndroidManifest.xml:13:13-37
102            android:grantUriPermissions="true" >
102-->[:image_picker_android] AndroidManifest.xml:14:13-47
103            <meta-data
103-->[:image_picker_android] AndroidManifest.xml:15:13-17:75
104                android:name="android.support.FILE_PROVIDER_PATHS"
104-->[:image_picker_android] AndroidManifest.xml:16:17-67
105                android:resource="@xml/flutter_image_picker_file_paths" />
105-->[:image_picker_android] AndroidManifest.xml:17:17-72
106        </provider>
107
108        <uses-library
108-->[androidx.window:window:1.0.0-beta04] AndroidManifest.xml:25:9-27:40
109            android:name="androidx.window.extensions"
109-->[androidx.window:window:1.0.0-beta04] AndroidManifest.xml:26:13-54
110            android:required="false" />
110-->[androidx.window:window:1.0.0-beta04] AndroidManifest.xml:27:13-37
111        <uses-library
111-->[androidx.window:window:1.0.0-beta04] AndroidManifest.xml:28:9-30:40
112            android:name="androidx.window.sidecar"
112-->[androidx.window:window:1.0.0-beta04] AndroidManifest.xml:29:13-51
113            android:required="false" />
113-->[androidx.window:window:1.0.0-beta04] AndroidManifest.xml:30:13-37
114
115        <activity
115-->[com.google.firebase:firebase-auth:21.1.0] AndroidManifest.xml:27:9-44:20
116            android:name="com.google.firebase.auth.internal.GenericIdpActivity"
116-->[com.google.firebase:firebase-auth:21.1.0] AndroidManifest.xml:28:13-80
117            android:excludeFromRecents="true"
117-->[com.google.firebase:firebase-auth:21.1.0] AndroidManifest.xml:29:13-46
118            android:exported="true"
118-->[com.google.firebase:firebase-auth:21.1.0] AndroidManifest.xml:30:13-36
119            android:launchMode="singleTask"
119-->[com.google.firebase:firebase-auth:21.1.0] AndroidManifest.xml:31:13-44
120            android:theme="@android:style/Theme.Translucent.NoTitleBar" >
120-->[com.google.firebase:firebase-auth:21.1.0] AndroidManifest.xml:32:13-72
121            <intent-filter>
121-->[com.google.firebase:firebase-auth:21.1.0] AndroidManifest.xml:33:13-43:29
122                <action android:name="android.intent.action.VIEW" />
122-->[com.google.firebase:firebase-auth:21.1.0] AndroidManifest.xml:34:17-69
122-->[com.google.firebase:firebase-auth:21.1.0] AndroidManifest.xml:34:25-66
123
124                <category android:name="android.intent.category.DEFAULT" />
124-->[com.google.firebase:firebase-auth:21.1.0] AndroidManifest.xml:36:17-76
124-->[com.google.firebase:firebase-auth:21.1.0] AndroidManifest.xml:36:27-73
125                <category android:name="android.intent.category.BROWSABLE" />
125-->[com.google.firebase:firebase-auth:21.1.0] AndroidManifest.xml:37:17-78
125-->[com.google.firebase:firebase-auth:21.1.0] AndroidManifest.xml:37:27-75
126
127                <data
127-->[com.google.firebase:firebase-auth:21.1.0] AndroidManifest.xml:39:17-42:51
128                    android:host="firebase.auth"
128-->[com.google.firebase:firebase-auth:21.1.0] AndroidManifest.xml:40:21-49
129                    android:path="/"
129-->[com.google.firebase:firebase-auth:21.1.0] AndroidManifest.xml:41:21-37
130                    android:scheme="genericidp" />
130-->[com.google.firebase:firebase-auth:21.1.0] AndroidManifest.xml:42:21-48
131            </intent-filter>
132        </activity>
133        <activity
133-->[com.google.firebase:firebase-auth:21.1.0] AndroidManifest.xml:45:9-62:20
134            android:name="com.google.firebase.auth.internal.RecaptchaActivity"
134-->[com.google.firebase:firebase-auth:21.1.0] AndroidManifest.xml:46:13-79
135            android:excludeFromRecents="true"
135-->[com.google.firebase:firebase-auth:21.1.0] AndroidManifest.xml:47:13-46
136            android:exported="true"
136-->[com.google.firebase:firebase-auth:21.1.0] AndroidManifest.xml:48:13-36
137            android:launchMode="singleTask"
137-->[com.google.firebase:firebase-auth:21.1.0] AndroidManifest.xml:49:13-44
138            android:theme="@android:style/Theme.Translucent.NoTitleBar" >
138-->[com.google.firebase:firebase-auth:21.1.0] AndroidManifest.xml:50:13-72
139            <intent-filter>
139-->[com.google.firebase:firebase-auth:21.1.0] AndroidManifest.xml:51:13-61:29
140                <action android:name="android.intent.action.VIEW" />
140-->[com.google.firebase:firebase-auth:21.1.0] AndroidManifest.xml:34:17-69
140-->[com.google.firebase:firebase-auth:21.1.0] AndroidManifest.xml:34:25-66
141
142                <category android:name="android.intent.category.DEFAULT" />
142-->[com.google.firebase:firebase-auth:21.1.0] AndroidManifest.xml:36:17-76
142-->[com.google.firebase:firebase-auth:21.1.0] AndroidManifest.xml:36:27-73
143                <category android:name="android.intent.category.BROWSABLE" />
143-->[com.google.firebase:firebase-auth:21.1.0] AndroidManifest.xml:37:17-78
143-->[com.google.firebase:firebase-auth:21.1.0] AndroidManifest.xml:37:27-75
144
145                <data
145-->[com.google.firebase:firebase-auth:21.1.0] AndroidManifest.xml:39:17-42:51
146                    android:host="firebase.auth"
146-->[com.google.firebase:firebase-auth:21.1.0] AndroidManifest.xml:40:21-49
147                    android:path="/"
147-->[com.google.firebase:firebase-auth:21.1.0] AndroidManifest.xml:41:21-37
148                    android:scheme="recaptcha" />
148-->[com.google.firebase:firebase-auth:21.1.0] AndroidManifest.xml:42:21-48
149            </intent-filter>
150        </activity>
151
152        <provider
152-->[com.google.firebase:firebase-common:20.2.0] AndroidManifest.xml:25:9-30:39
153            android:name="com.google.firebase.provider.FirebaseInitProvider"
153-->[com.google.firebase:firebase-common:20.2.0] AndroidManifest.xml:26:13-77
154            android:authorities="com.example.tik_tok.firebaseinitprovider"
154-->[com.google.firebase:firebase-common:20.2.0] AndroidManifest.xml:27:13-72
155            android:directBootAware="true"
155-->[com.google.firebase:firebase-common:20.2.0] AndroidManifest.xml:28:13-43
156            android:exported="false"
156-->[com.google.firebase:firebase-common:20.2.0] AndroidManifest.xml:29:13-37
157            android:initOrder="100" />
157-->[com.google.firebase:firebase-common:20.2.0] AndroidManifest.xml:30:13-36
158
159        <activity
159-->[com.google.android.gms:play-services-base:18.0.1] AndroidManifest.xml:20:9-22:45
160            android:name="com.google.android.gms.common.api.GoogleApiActivity"
160-->[com.google.android.gms:play-services-base:18.0.1] AndroidManifest.xml:20:19-85
161            android:exported="false"
161-->[com.google.android.gms:play-services-base:18.0.1] AndroidManifest.xml:22:19-43
162            android:theme="@android:style/Theme.Translucent.NoTitleBar" />
162-->[com.google.android.gms:play-services-base:18.0.1] AndroidManifest.xml:21:19-78
163
164        <receiver
164-->[com.google.android.gms:play-services-measurement:21.2.0] AndroidManifest.xml:29:9-33:20
165            android:name="com.google.android.gms.measurement.AppMeasurementReceiver"
165-->[com.google.android.gms:play-services-measurement:21.2.0] AndroidManifest.xml:30:13-85
166            android:enabled="true"
166-->[com.google.android.gms:play-services-measurement:21.2.0] AndroidManifest.xml:31:13-35
167            android:exported="false" >
167-->[com.google.android.gms:play-services-measurement:21.2.0] AndroidManifest.xml:32:13-37
168        </receiver>
169
170        <service
170-->[com.google.android.gms:play-services-measurement:21.2.0] AndroidManifest.xml:35:9-38:40
171            android:name="com.google.android.gms.measurement.AppMeasurementService"
171-->[com.google.android.gms:play-services-measurement:21.2.0] AndroidManifest.xml:36:13-84
172            android:enabled="true"
172-->[com.google.android.gms:play-services-measurement:21.2.0] AndroidManifest.xml:37:13-35
173            android:exported="false" />
173-->[com.google.android.gms:play-services-measurement:21.2.0] AndroidManifest.xml:38:13-37
174        <service
174-->[com.google.android.gms:play-services-measurement:21.2.0] AndroidManifest.xml:39:9-43:72
175            android:name="com.google.android.gms.measurement.AppMeasurementJobService"
175-->[com.google.android.gms:play-services-measurement:21.2.0] AndroidManifest.xml:40:13-87
176            android:enabled="true"
176-->[com.google.android.gms:play-services-measurement:21.2.0] AndroidManifest.xml:41:13-35
177            android:exported="false"
177-->[com.google.android.gms:play-services-measurement:21.2.0] AndroidManifest.xml:42:13-37
178            android:permission="android.permission.BIND_JOB_SERVICE" />
178-->[com.google.android.gms:play-services-measurement:21.2.0] AndroidManifest.xml:43:13-69
179
180        <meta-data
180-->[com.google.android.gms:play-services-basement:18.1.0] AndroidManifest.xml:21:9-23:69
181            android:name="com.google.android.gms.version"
181-->[com.google.android.gms:play-services-basement:18.1.0] AndroidManifest.xml:22:13-58
182            android:value="@integer/google_play_services_version" />
182-->[com.google.android.gms:play-services-basement:18.1.0] AndroidManifest.xml:23:13-66
183    </application>
184
185</manifest>